<?xml version="1.0" encoding="UTF-8"?>
<testsuite xmlns:xsi="http://www.w3.org/2001/XMLSchema-instance" xsi:schemaLocation="https://maven.apache.org/surefire/maven-surefire-plugin/xsd/surefire-test-report.xsd" name="com.ablicq.pokerGame.deckTests.DeckTest" time="0.014" tests="2" errors="0" skipped="0" failures="0">
  <properties>
[...]
</properties>
  <testcase name="initTest" classname="com.ablicq.pokerGame.deckTests.DeckTest" time="0.004"/>
  <testcase name="nextTest" classname="com.ablicq.pokerGame.deckTests.DeckTest" time="0.002"/>
</testsuite>